fatal: GET con / - 30/4/2023
http: GET at / - 30/4/2023
fatal: GET con /css/styles.css - 30/4/2023
fatal: GET con /favicon.ico - 30/4/2023
http: GET at /favicon.ico - 30/4/2023
fatal: GET con /login - 30/4/2023
http: GET at /login - 30/4/2023
fatal: GET con /css/styles.css - 30/4/2023
fatal: GET con /js/login.js - 30/4/2023
fatal: GET con /favicon.ico - 30/4/2023
http: GET at /favicon.ico - 30/4/2023
fatal: POST con /api/session/login - 30/4/2023
fatal: GET con /recover - 30/4/2023
http: GET at /recover - 30/4/2023
fatal: GET con /js/recover.js - 30/4/2023
fatal: GET con /css/styles.css - 30/4/2023
fatal: GET con /favicon.ico - 30/4/2023
http: GET at /favicon.ico - 30/4/2023
fatal: POST con /api/session/recover - 30/4/2023
http: POST at /recover - 30/4/2023
fatal: GET con /recoverPassword - 30/4/2023
http: GET at /recoverPassword - 30/4/2023
fatal: GET con /css/styles.css - 30/4/2023
fatal: GET con /favicon.ico - 30/4/2023
http: GET at /favicon.ico - 30/4/2023
fatal: GET con / - 30/4/2023
http: GET at / - 30/4/2023
fatal: GET con /css/styles.css - 30/4/2023
fatal: GET con /favicon.ico - 30/4/2023
http: GET at /favicon.ico - 30/4/2023
fatal: GET con /product/63f0d86554f88c60bca3a733 - 30/4/2023
http: GET at /product/63f0d86554f88c60bca3a733 - 30/4/2023
fatal: undefined
fatal: GET con /favicon.ico - 30/4/2023
http: GET at /favicon.ico - 30/4/2023
fatal: GET con /favicon.ico - 30/4/2023
http: GET at /favicon.ico - 30/4/2023
fatal: GET con /product/63f0d84554f88c60bca3a72f - 30/4/2023
http: GET at /product/63f0d84554f88c60bca3a72f - 30/4/2023
fatal: undefined
fatal: GET con /favicon.ico - 30/4/2023
http: GET at /favicon.ico - 30/4/2023
fatal: GET con /favicon.ico - 30/4/2023
http: GET at /favicon.ico - 30/4/2023
fatal: GET con / - 30/4/2023
http: GET at / - 30/4/2023
fatal: GET con /css/styles.css - 30/4/2023
fatal: GET con /favicon.ico - 30/4/2023
http: GET at /favicon.ico - 30/4/2023
fatal: GET con /login - 30/4/2023
http: GET at /login - 30/4/2023
fatal: GET con /css/styles.css - 30/4/2023
fatal: GET con /js/login.js - 30/4/2023
fatal: GET con /favicon.ico - 30/4/2023
http: GET at /favicon.ico - 30/4/2023
fatal: POST con /api/session/login - 30/4/2023
fatal: GET con /register - 30/4/2023
http: GET at /register - 30/4/2023
fatal: GET con /css/styles.css - 30/4/2023
fatal: GET con /js/register.js - 30/4/2023
fatal: GET con /favicon.ico - 30/4/2023
http: GET at /favicon.ico - 30/4/2023
fatal: POST con /api/session/register - 30/4/2023
fatal: POST con /api/session/register - 30/4/2023
fatal: GET con /login - 30/4/2023
http: GET at /login - 30/4/2023
fatal: GET con /css/styles.css - 30/4/2023
fatal: GET con /js/login.js - 30/4/2023
fatal: GET con /favicon.ico - 30/4/2023
http: GET at /favicon.ico - 30/4/2023
fatal: GET con /recover - 30/4/2023
http: GET at /recover - 30/4/2023
fatal: GET con /css/styles.css - 30/4/2023
fatal: GET con /js/recover.js - 30/4/2023
fatal: GET con /favicon.ico - 30/4/2023
http: GET at /favicon.ico - 30/4/2023
fatal: POST con /api/session/recover - 30/4/2023
http: POST at /recover - 30/4/2023
fatal: GET con /recoverLanding/eyJhbGciOiJIUzI1NiIsInR5cCI6IkpXVCJ9.eyJlbWFpbCI6ImpvYXF1aW5hcXVpbm85OTlAZ21haWwuY29tIiwiaWF0IjoxNjgyODI2MTA0LCJleHAiOjE2ODI4Mjk3MDR9.81TocKyRnOnVHj9C9cA4TED1XwSM8BuHh_i9F4y8fLk - 30/4/2023
http: GET at /recoverLanding/eyJhbGciOiJIUzI1NiIsInR5cCI6IkpXVCJ9.eyJlbWFpbCI6ImpvYXF1aW5hcXVpbm85OTlAZ21haWwuY29tIiwiaWF0IjoxNjgyODI2MTA0LCJleHAiOjE2ODI4Mjk3MDR9.81TocKyRnOnVHj9C9cA4TED1XwSM8BuHh_i9F4y8fLk - 30/4/2023
debug: eyJhbGciOiJIUzI1NiIsInR5cCI6IkpXVCJ9.eyJlbWFpbCI6ImpvYXF1aW5hcXVpbm85OTlAZ21haWwuY29tIiwiaWF0IjoxNjgyODI2MTA0LCJleHAiOjE2ODI4Mjk3MDR9.81TocKyRnOnVHj9C9cA4TED1XwSM8BuHh_i9F4y8fLk
eyJhbGciOiJIUzI1NiIsInR5cCI6IkpXVCJ9.eyJlbWFpbCI6ImpvYXF1aW5hcXVpbm85OTlAZ21haWwuY29tIiwiaWF0IjoxNjgyODI2MTA0LCJleHAiOjE2ODI4Mjk3MDR9.81TocKyRnOnVHj9C9cA4TED1XwSM8BuHh_i9F4y8fLk
fatal: GET con /js/recoverLanding.js - 30/4/2023
fatal: GET con /css/styles.css - 30/4/2023
fatal: GET con /favicon.ico - 30/4/2023
http: GET at /favicon.ico - 30/4/2023
fatal: POST con /api/session/recoverPassword - 30/4/2023
http: POST at /recoverPassword - 30/4/2023
fatal: GET con /favicon.ico - 30/4/2023
http: GET at /favicon.ico - 30/4/2023
fatal: GET con /favicon.ico - 30/4/2023
http: GET at /favicon.ico - 30/4/2023
fatal: GET con /favicon.ico - 30/4/2023
http: GET at /favicon.ico - 30/4/2023
fatal: GET con /favicon.ico - 30/4/2023
http: GET at /favicon.ico - 30/4/2023
fatal: GET con /login - 30/4/2023
http: GET at /login - 30/4/2023
fatal: GET con /css/styles.css - 30/4/2023
fatal: GET con /js/login.js - 30/4/2023
fatal: GET con /favicon.ico - 30/4/2023
http: GET at /favicon.ico - 30/4/2023
fatal: POST con /api/session/login - 30/4/2023
http: POST at /login - 30/4/2023
fatal: GET con / - 30/4/2023
http: GET at / - 30/4/2023
fatal: GET con /css/styles.css - 30/4/2023
fatal: GET con /favicon.ico - 30/4/2023
http: GET at /favicon.ico - 30/4/2023
fatal: GET con / - 9/5/2023
fatal: GET con /css/styles.css - 9/5/2023
fatal: GET con /favicon.ico - 9/5/2023
fatal: GET con / - 9/5/2023
fatal: GET con /css/styles.css - 9/5/2023
fatal: GET con /favicon.ico - 9/5/2023
fatal: GET con /login - 9/5/2023
fatal: GET con /css/styles.css - 9/5/2023
fatal: GET con /js/login.js - 9/5/2023
fatal: GET con /favicon.ico - 9/5/2023
fatal: GET con /favicon.ico - 9/5/2023
fatal: GET con / - 9/5/2023
fatal: GET con /css/styles.css - 9/5/2023
fatal: GET con /favicon.ico - 9/5/2023
fatal: GET con / - 10/5/2023
fatal: GET con /css/styles.css - 10/5/2023
fatal: GET con /favicon.ico - 10/5/2023
fatal: GET con /apidocs - 10/5/2023
fatal: GET con /apidocs/ - 10/5/2023
fatal: GET con /apidocs/swagger-ui.css - 10/5/2023
fatal: GET con /apidocs/swagger-ui-bundle.js - 10/5/2023
fatal: GET con /apidocs/swagger-ui-standalone-preset.js - 10/5/2023
fatal: GET con /apidocs/swagger-ui-init.js - 10/5/2023
fatal: GET con /apidocs/favicon-32x32.png - 10/5/2023
fatal: GET con /apidocs/ - 10/5/2023
fatal: GET con /apidocs/swagger-ui.css - 10/5/2023
fatal: GET con /apidocs/swagger-ui-bundle.js - 10/5/2023
fatal: GET con /apidocs/swagger-ui-standalone-preset.js - 10/5/2023
fatal: GET con /apidocs/swagger-ui-init.js - 10/5/2023
fatal: GET con /apidocs/favicon-32x32.png - 10/5/2023
fatal: GET con /apidocs/ - 10/5/2023
fatal: GET con /apidocs/swagger-ui.css - 10/5/2023
fatal: GET con /apidocs/swagger-ui-init.js - 10/5/2023
fatal: GET con /apidocs/swagger-ui-bundle.js - 10/5/2023
fatal: GET con /apidocs/swagger-ui-standalone-preset.js - 10/5/2023
fatal: GET con /apidocs/favicon-32x32.png - 10/5/2023
fatal: GET con / - 10/5/2023
fatal: GET con /css/styles.css - 10/5/2023
fatal: GET con /favicon.ico - 10/5/2023
fatal: GET con /apidocs/ - 10/5/2023
fatal: GET con /apidocs/swagger-ui.css - 10/5/2023
fatal: GET con /apidocs/swagger-ui-bundle.js - 10/5/2023
fatal: GET con /apidocs/swagger-ui-standalone-preset.js - 10/5/2023
fatal: GET con /apidocs/swagger-ui-init.js - 10/5/2023
fatal: GET con /favicon.ico - 10/5/2023
fatal: GET con /favicon.ico - 10/5/2023
fatal: GET con /product/63e6aeaadcea9d46cdd483be - 10/5/2023
fatal: undefined
fatal: GET con /favicon.ico - 10/5/2023
fatal: GET con /favicon.ico - 10/5/2023
fatal: GET con /product/63f0d84554f88c60bca3a72f - 10/5/2023
fatal: undefined
fatal: GET con /favicon.ico - 10/5/2023
fatal: GET con /favicon.ico - 10/5/2023
fatal: GET con /product/63e6aed9dcea9d46cdd483c1 - 10/5/2023
fatal: undefined
fatal: GET con /favicon.ico - 10/5/2023
fatal: GET con /favicon.ico - 10/5/2023
fatal: GET con /login - 10/5/2023
fatal: GET con /css/styles.css - 10/5/2023
fatal: GET con /js/login.js - 10/5/2023
fatal: GET con /favicon.ico - 10/5/2023
fatal: POST con /api/session/login - 10/5/2023
fatal: GET con / - 10/5/2023
fatal: GET con /css/styles.css - 10/5/2023
fatal: GET con /favicon.ico - 10/5/2023
fatal: GET con /product/63e6aeaadcea9d46cdd483be - 10/5/2023
fatal: GET con /product/63e6aeaadcea9d46cdd483be - 10/5/2023
fatal: GET con /js/product.js - 10/5/2023
fatal: GET con /css/styles.css - 10/5/2023
fatal: GET con /favicon.ico - 10/5/2023
fatal: PUT con /api/carts/643c7855a29e9fd21dd248b1 - 10/5/2023
fatal: GET con / - 10/5/2023
fatal: GET con /css/styles.css - 10/5/2023
fatal: GET con /favicon.ico - 10/5/2023
fatal: GET con /apidocs/ - 10/5/2023
fatal: GET con /apidocs/swagger-ui.css - 10/5/2023
fatal: GET con /apidocs/swagger-ui-bundle.js - 10/5/2023
fatal: GET con /apidocs/swagger-ui-standalone-preset.js - 10/5/2023
fatal: GET con /apidocs/swagger-ui-init.js - 10/5/2023
fatal: GET con /apidocs/carts/:cid/purchase - 10/5/2023
fatal: GET con /apidocs/carts/:cid/swagger-ui.css - 10/5/2023
fatal: GET con /apidocs/carts/:cid/swagger-ui-bundle.js - 10/5/2023
fatal: GET con /apidocs/carts/:cid/swagger-ui-standalone-preset.js - 10/5/2023
fatal: GET con /apidocs/carts/:cid/swagger-ui-init.js - 10/5/2023
fatal: GET con /apidocs/carts/:cid/favicon-32x32.png - 10/5/2023
fatal: GET con /apidocs/carts/:cid/favicon-16x16.png - 10/5/2023
fatal: GET con /apidocs/carts/:cid/purchase - 10/5/2023
fatal: GET con /apidocs/carts/:cid/swagger-ui.css - 10/5/2023
fatal: GET con /apidocs/carts/:cid/swagger-ui-bundle.js - 10/5/2023
fatal: GET con /apidocs/carts/:cid/swagger-ui-standalone-preset.js - 10/5/2023
fatal: GET con /apidocs/carts/:cid/swagger-ui-init.js - 10/5/2023
fatal: GET con /apidocs/carts/:cid/favicon-32x32.png - 10/5/2023
fatal: GET con /apidocs/carts/:cid/favicon-16x16.png - 10/5/2023
fatal: GET con /apidocs/ - 10/5/2023
fatal: GET con /apidocs/swagger-ui.css - 10/5/2023
fatal: GET con /apidocs/swagger-ui-bundle.js - 10/5/2023
fatal: GET con /apidocs/swagger-ui-standalone-preset.js - 10/5/2023
fatal: GET con /apidocs/swagger-ui-init.js - 10/5/2023
fatal: GET con /apidocs/favicon-32x32.png - 10/5/2023
fatal: GET con /apidocs/carts/ - 10/5/2023
fatal: GET con /apidocs/carts/swagger-ui.css - 10/5/2023
fatal: GET con /apidocs/carts/swagger-ui-bundle.js - 10/5/2023
fatal: GET con /apidocs/carts/swagger-ui-standalone-preset.js - 10/5/2023
fatal: GET con /apidocs/carts/swagger-ui-init.js - 10/5/2023
fatal: GET con /apidocs/carts/favicon-32x32.png - 10/5/2023
fatal: GET con /apidocs/carts/favicon-16x16.png - 10/5/2023
fatal: GET con /apidocs/api/carts/ - 10/5/2023
fatal: GET con /apidocs/api/carts/swagger-ui.css - 10/5/2023
fatal: GET con /apidocs/api/carts/swagger-ui-bundle.js - 10/5/2023
fatal: GET con /apidocs/api/carts/swagger-ui-init.js - 10/5/2023
fatal: GET con /apidocs/api/carts/swagger-ui-standalone-preset.js - 10/5/2023
fatal: GET con /apidocs/api/carts/favicon-32x32.png - 10/5/2023
fatal: GET con /apidocs/api/carts/favicon-16x16.png - 10/5/2023
fatal: GET con /apidocs/ - 10/5/2023
fatal: GET con /apidocs/swagger-ui.css - 10/5/2023
fatal: GET con /apidocs/swagger-ui-bundle.js - 10/5/2023
fatal: GET con /apidocs/swagger-ui-init.js - 10/5/2023
fatal: GET con /apidocs/swagger-ui-standalone-preset.js - 10/5/2023
fatal: GET con /apidocs/favicon-32x32.png - 10/5/2023
fatal: GET con /apidocs/ - 10/5/2023
fatal: GET con /apidocs/swagger-ui.css - 10/5/2023
fatal: GET con /apidocs/swagger-ui-bundle.js - 10/5/2023
fatal: GET con /apidocs/swagger-ui-standalone-preset.js - 10/5/2023
fatal: GET con /apidocs/swagger-ui-init.js - 10/5/2023
fatal: GET con /apidocs/favicon-32x32.png - 10/5/2023
fatal: GET con / - 10/5/2023
fatal: GET con /css/styles.css - 10/5/2023
fatal: GET con /favicon.ico - 10/5/2023
fatal: GET con /apidocs/ - 10/5/2023
fatal: GET con /apidocs/swagger-ui.css - 10/5/2023
fatal: GET con /apidocs/swagger-ui-init.js - 10/5/2023
fatal: GET con /apidocs/swagger-ui-standalone-preset.js - 10/5/2023
fatal: GET con /apidocs/swagger-ui-bundle.js - 10/5/2023
fatal: GET con /apidocs/favicon-32x32.png - 10/5/2023
fatal: GET con / - 10/5/2023
fatal: GET con /css/styles.css - 10/5/2023
fatal: GET con /favicon.ico - 10/5/2023
fatal: GET con /apidocs/ - 10/5/2023
fatal: GET con /apidocs/swagger-ui.css - 10/5/2023
fatal: GET con /apidocs/swagger-ui-bundle.js - 10/5/2023
fatal: GET con /apidocs/swagger-ui-init.js - 10/5/2023
fatal: GET con /apidocs/swagger-ui-standalone-preset.js - 10/5/2023
